0 verbose cli /home/nizam/.local/share/fnm/node-versions/v24.1.0/installation/bin/node /run/user/1000/fnm_multishells/14646_1748198727961/bin/npm
1 info using npm@11.3.0
2 info using node@v24.1.0
3 silly config load:file:/home/nizam/.local/share/fnm/node-versions/v24.1.0/installation/lib/node_modules/npm/npmrc
4 silly config load:file:/home/nizam/config-files/.npmrc
5 silly config load:file:/home/nizam/.npmrc
6 silly config load:file:/home/nizam/.local/share/fnm/node-versions/v24.1.0/installation/etc/npmrc
7 verbose title npm info prettier
8 verbose argv "info" "--cache" "/home/nizam/.local/share/zed/node/cache" "prettier" "--json" "--fetch-retry-mintimeout" "2000" "--fetch-retry-maxtimeout" "5000" "--fetch-timeout" "5000"
9 verbose logfile logs-max:10 dir:/home/nizam/.local/share/zed/node/cache/_logs/2025-05-25T18_45_37_427Z-
10 verbose logfile /home/nizam/.local/share/zed/node/cache/_logs/2025-05-25T18_45_37_427Z-debug-0.log
11 silly logfile done cleaning log files
12 http fetch GET 200 https://registry.npmjs.org/prettier 414ms (cache miss)
13 silly view {
13 silly view   '3.5.3': {
13 silly view     _id: 'prettier@3.5.3',
13 silly view     _rev: '276-ff57c7f1b5bd15d23bff6a0c58606685',
13 silly view     name: 'prettier',
13 silly view     'dist-tags': { next: '4.0.0-alpha.12', latest: '3.5.3' },
13 silly view     versions: [
13 silly view       '0.0.1',  '0.0.2',  '0.0.3',       '0.0.4',  '0.0.5',
13 silly view       '0.0.6',  '0.0.7',  '0.0.8',       '0.0.9',  '0.0.10',
13 silly view       '0.11.0', '0.13.1', '0.14.0',      '0.14.1', '0.15.0',
13 silly view       '0.16.0', '0.17.0', '0.17.1',      '0.18.0', '0.19.0',
13 silly view       '0.20.0', '0.21.0', '0.22.0',      '1.0.0',  '1.0.1',
13 silly view       '1.0.2',  '1.1.0',  '1.2.0',       '1.2.1',  '1.2.2',
13 silly view       '1.3.0',  '1.3.1',  '1.4.0-beta',  '1.4.0',  '1.4.1',
13 silly view       '1.4.2',  '1.4.3',  '1.4.4',       '1.5.0',  '1.5.1',
13 silly view       '1.5.2',  '1.5.3',  '1.6.0-beta2', '1.6.0',  '1.6.1',
13 silly view       '1.7.0',  '1.7.1',  '1.7.2',       '1.7.3',  '1.7.4',
13 silly view       '1.8.0',  '1.8.1',  '1.8.2',       '1.9.0',  '1.9.1',
13 silly view       '1.9.2',  '1.10.0', '1.10.1',      '1.10.2', '1.11.0-rc.1',
13 silly view       '1.11.0', '1.11.1', '1.12.0',      '1.12.1', '1.13.0',
13 silly view       '1.13.1', '1.13.2', '1.13.3',      '1.13.4', '1.13.5',
13 silly view       '1.13.6', '1.13.7', '1.14.0',      '1.14.1', '1.14.2',
13 silly view       '1.14.3', '1.15.0', '1.15.1',      '1.15.2', '1.15.3',
13 silly view       '1.16.0', '1.16.1', '1.16.2',      '1.16.3', '1.16.4',
13 silly view       '1.17.0', '1.17.1', '1.18.0',      '1.18.1', '1.18.2',
13 silly view       '1.19.0', '1.19.1', '2.0.0',       '2.0.1',  '2.0.2',
13 silly view       '2.0.3',  '2.0.4',  '2.0.5',       '2.1.0',  '2.1.1',
13 silly view       ... 73 more items
13 silly view     ],
13 silly view     time: {
13 silly view       created: '2017-01-10T03:45:38.963Z',
13 silly view       modified: '2025-03-06T09:58:17.103Z',
13 silly view       '0.0.1': '2017-01-10T03:45:38.963Z',
13 silly view       '0.0.2': '2017-01-10T04:31:28.120Z',
13 silly view       '0.0.3': '2017-01-10T17:18:52.417Z',
13 silly view       '0.0.4': '2017-01-11T04:52:50.871Z',
13 silly view       '0.0.5': '2017-01-11T16:55:07.338Z',
13 silly view       '0.0.6': '2017-01-13T20:14:11.275Z',
13 silly view       '0.0.7': '2017-01-14T04:28:11.881Z',
13 silly view       '0.0.8': '2017-01-17T15:37:23.040Z',
13 silly view       '0.0.9': '2017-01-18T22:24:20.461Z',
13 silly view       '0.0.10': '2017-01-20T18:00:18.974Z',
13 silly view       '0.11.0': '2017-01-23T17:40:10.811Z',
13 silly view       '0.13.1': '2017-01-28T16:22:17.609Z',
13 silly view       '0.14.0': '2017-01-30T17:41:40.891Z',
13 silly view       '0.14.1': '2017-01-30T17:56:16.036Z',
13 silly view       '0.15.0': '2017-02-02T23:28:33.641Z',
13 silly view       '0.16.0': '2017-02-06T02:28:45.881Z',
13 silly view       '0.17.0': '2017-02-14T03:11:18.068Z',
13 silly view       '0.17.1': '2017-02-14T21:46:56.940Z',
13 silly view       '0.18.0': '2017-02-16T17:28:36.712Z',
13 silly view       '0.19.0': '2017-02-23T17:53:21.835Z',
13 silly view       '0.20.0': '2017-02-28T18:49:42.620Z',
13 silly view       '0.21.0': '2017-03-03T22:03:48.722Z',
13 silly view       '0.22.0': '2017-03-09T17:16:00.047Z',
13 silly view       '1.0.0': '2017-04-13T16:31:12.234Z',
13 silly view       '1.0.1': '2017-04-13T17:04:30.369Z',
13 silly view       '1.0.2': '2017-04-13T17:19:08.500Z',
13 silly view       '1.1.0': '2017-04-14T01:41:32.182Z',
13 silly view       '1.2.0': '2017-04-19T18:02:13.377Z',
13 silly view       '1.2.1': '2017-04-19T19:00:43.290Z',
13 silly view       '1.2.2': '2017-04-19T20:19:43.614Z',
13 silly view       '1.3.0': '2017-05-02T22:31:53.986Z',
13 silly view       '1.3.1': '2017-05-03T21:39:46.048Z',
13 silly view       '1.4.0-beta': '2017-06-02T03:31:21.378Z',
13 silly view       '1.4.0': '2017-06-02T15:55:50.613Z',
13 silly view       '1.4.1': '2017-06-02T23:26:58.416Z',
13 silly view       '1.4.2': '2017-06-03T15:54:58.491Z',
13 silly view       '1.4.3': '2017-06-07T22:49:15.333Z',
13 silly view       '1.4.4': '2017-06-07T23:38:54.489Z',
13 silly view       '1.5.0': '2017-06-27T17:11:51.855Z',
13 silly view       '1.5.1': '2017-06-27T20:42:58.348Z',
13 silly view       '1.5.2': '2017-06-28T03:34:08.836Z',
13 silly view       '1.5.3': '2017-07-15T09:53:32.355Z',
13 silly view       '1.6.0-beta': '2017-08-26T03:16:39.061Z',
13 silly view       '1.6.0-beta2': '2017-08-26T03:20:27.043Z',
13 silly view       '1.6.0': '2017-08-28T16:05:27.943Z',
13 silly view       '1.6.1': '2017-08-29T16:00:06.358Z',
13 silly view       '1.7.0': '2017-09-14T17:22:53.046Z',
13 silly view       '1.7.1': '2017-09-27T17:01:17.726Z',
13 silly view       '1.7.2': '2017-09-27T23:21:14.450Z',
13 silly view       '1.7.3': '2017-09-30T10:53:51.384Z',
13 silly view       '1.7.4': '2017-10-03T08:48:32.068Z',
13 silly view       '1.8.0': '2017-11-07T03:58:58.274Z',
13 silly view       '1.8.1': '2017-11-07T12:38:42.037Z',
13 silly view       '1.8.2': '2017-11-09T11:26:24.455Z',
13 silly view       '1.9.0': '2017-12-05T08:13:43.852Z',
13 silly view       '1.9.1': '2017-12-05T23:33:10.893Z',
13 silly view       '1.9.2': '2017-12-12T03:16:43.113Z',
13 silly view       '1.10.0': '2018-01-10T12:07:19.820Z',
13 silly view       '1.10.1': '2018-01-10T12:26:45.817Z',
13 silly view       '1.10.2': '2018-01-11T01:59:08.832Z',
13 silly view       '1.11.0-rc.1': '2018-02-24T00:01:49.203Z',
13 silly view       '1.11.0': '2018-02-27T01:26:44.031Z',
13 silly view       '1.11.1': '2018-02-28T22:22:11.608Z',
13 silly view       '1.12.0': '2018-04-12T04:28:53.151Z',
13 silly view       '1.12.1': '2018-04-17T02:43:23.980Z',
13 silly view       '1.13.0': '2018-05-27T18:16:53.809Z',
13 silly view       '1.13.1': '2018-05-29T06:14:14.186Z',
13 silly view       '1.13.2': '2018-05-29T06:23:40.883Z',
13 silly view       '1.13.3': '2018-05-30T18:02:16.681Z',
13 silly view       '1.13.4': '2018-06-01T11:58:43.455Z',
13 silly view       '1.13.5': '2018-06-08T18:01:12.233Z',
13 silly view       '1.13.6': '2018-06-25T13:47:20.463Z',
13 silly view       '1.13.7': '2018-06-28T19:20:27.119Z',
13 silly view       '1.14.0': '2018-07-29T07:35:11.081Z',
13 silly view       '1.14.1': '2018-08-08T16:36:58.793Z',
13 silly view       '1.14.2': '2018-08-09T03:05:06.044Z',
13 silly view       '1.14.3': '2018-09-19T12:58:30.850Z',
13 silly view       '1.15.0': '2018-11-07T01:08:26.280Z',
13 silly view       '1.15.1': '2018-11-07T02:20:10.966Z',
13 silly view       '1.15.2': '2018-11-10T17:09:18.389Z',
13 silly view       '1.15.3': '2018-11-30T02:29:38.667Z',
13 silly view       '1.16.0': '2019-01-20T08:00:09.550Z',
13 silly view       '1.16.1': '2019-01-22T13:53:30.142Z',
13 silly view       '1.16.2': '2019-01-30T08:24:08.243Z',
13 silly view       '1.16.3': '2019-01-31T04:18:41.228Z',
13 silly view       '1.16.4': '2019-02-03T12:31:24.634Z',
13 silly view       '1.17.0': '2019-04-12T20:36:46.104Z',
13 silly view       '1.17.1': '2019-05-13T13:48:46.304Z',
13 silly view       '1.18.0': '2019-06-06T21:46:30.478Z',
13 silly view       '1.18.1': '2019-06-07T12:57:49.819Z',
13 silly view       '1.18.2': '2019-06-07T14:55:43.212Z',
13 silly view       '1.19.0': '2019-11-09T00:10:07.313Z',
13 silly view       '1.19.1': '2019-11-09T12:21:15.351Z',
13 silly view       '2.0.0': '2020-03-21T19:59:43.613Z',
13 silly view       '2.0.1': '2020-03-21T23:06:25.403Z',
13 silly view       '2.0.2': '2020-03-23T22:33:06.579Z',
13 silly view       '2.0.3': '2020-04-05T20:48:40.788Z',
13 silly view       '2.0.4': '2020-04-06T11:55:28.171Z',
13 silly view       '2.0.5': '2020-04-21T17:05:57.825Z',
13 silly view       '2.1.0': '2020-08-24T11:26:00.624Z',
13 silly view       '2.1.1': '2020-08-26T04:23:01.635Z',
13 silly view       '2.1.2': '2020-09-16T00:47:12.852Z',
13 silly view       '2.2.0': '2020-11-20T04:45:26.153Z',
13 silly view       '2.2.1': '2020-11-28T00:21:41.735Z',
13 silly view       '2.3.0': '2021-05-09T21:01:40.825Z',
13 silly view       '2.3.1': '2021-06-05T10:22:39.339Z',
13 silly view       '2.3.2': '2021-06-26T08:28:43.949Z',
13 silly view       '2.4.0': '2021-09-09T09:20:15.240Z',
13 silly view       '2.4.1': '2021-09-16T06:06:41.651Z',
13 silly view       '2.5.0': '2021-11-25T13:57:42.748Z',
13 silly view       '2.5.1': '2021-12-04T14:31:29.278Z',
13 silly view       '2.6.0': '2022-03-16T04:21:19.654Z',
13 silly view       '2.6.1': '2022-03-25T04:59:18.048Z',
13 silly view       '2.6.2': '2022-04-02T16:31:42.353Z',
13 silly view       '2.7.0': '2022-06-14T06:20:34.587Z',
13 silly view       '2.7.1': '2022-06-16T05:43:52.397Z',
13 silly view       '3.0.0-alpha.0': '2022-08-17T09:12:49.537Z',
13 silly view       '3.0.0-alpha.1': '2022-10-08T08:54:58.929Z',
13 silly view       '3.0.0-alpha.2': '2022-10-13T09:12:25.759Z',
13 silly view       '3.0.0-alpha.3': '2022-10-20T01:59:24.589Z',
13 silly view       '3.0.0-alpha.4': '2022-10-26T03:05:17.724Z',
13 silly view       '2.8.0': '2022-11-23T04:51:22.503Z',
13 silly view       '2.8.1': '2022-12-07T17:26:38.191Z',
13 silly view       '2.8.2': '2023-01-07T11:19:41.659Z',
13 silly view       '2.8.3': '2023-01-14T03:38:48.087Z',
13 silly view       '2.8.4': '2023-02-08T03:08:44.072Z',
13 silly view       '3.0.0-alpha.5': '2023-03-01T10:00:47.035Z',
13 silly view       '3.0.0-alpha.6': '2023-03-02T09:19:46.624Z',
13 silly view       '2.8.5': '2023-03-20T06:05:39.932Z',
13 silly view       '2.8.6': '2023-03-21T08:17:39.465Z',
13 silly view       '2.8.7': '2023-03-24T08:15:19.994Z',
13 silly view       '3.0.0-alpha.7-for-vscode': '2023-04-23T06:54:00.153Z',
13 silly view       '2.8.8': '2023-04-23T07:26:12.772Z',
13 silly view       '3.0.0-alpha.8-for-vscode': '2023-04-23T08:07:28.795Z',
13 silly view       '3.0.0-alpha.9-for-vscode': '2023-04-23T08:50:26.138Z',
13 silly view       '3.0.0-alpha.10': '2023-04-23T10:51:27.118Z',
13 silly view       '3.0.0-alpha.11': '2023-04-25T02:47:52.655Z',
13 silly view       '3.0.0-alpha.12': '2023-05-26T14:12:45.252Z',
13 silly view       '3.0.0': '2023-07-05T12:44:13.820Z',
13 silly view       '3.0.1': '2023-08-03T06:10:21.592Z',
13 silly view       '3.0.2': '2023-08-15T15:44:19.367Z',
13 silly view       '3.0.3': '2023-08-29T12:30:11.880Z',
13 silly view       '3.1.0': '2023-11-13T02:57:22.609Z',
13 silly view       '4.0.0-alpha.0': '2023-11-30T05:45:34.115Z',
13 silly view       '4.0.0-alpha.1': '2023-11-30T06:42:36.440Z',
13 silly view       '4.0.0-alpha.2': '2023-11-30T16:49:10.348Z',
13 silly view       '4.0.0-alpha.3': '2023-12-01T05:34:45.202Z',
13 silly view       '4.0.0-alpha.4': '2023-12-10T08:09:33.912Z',
13 silly view       '3.1.1': '2023-12-10T08:36:17.920Z',
13 silly view       '4.0.0-alpha.5': '2023-12-14T05:53:18.886Z',
13 silly view       '4.0.0-alpha.6': '2023-12-16T03:16:14.815Z',
13 silly view       '4.0.0-alpha.7': '2023-12-17T18:47:04.955Z',
13 silly view       '4.0.0-alpha.8': '2023-12-20T18:12:56.119Z',
13 silly view       '3.2.0': '2024-01-12T16:16:16.167Z',
13 silly view       '3.2.1': '2024-01-12T19:16:36.881Z',
13 silly view       '3.2.2': '2024-01-14T03:07:57.876Z',
13 silly view       '3.2.3': '2024-01-17T03:30:11.340Z',
13 silly view       '3.2.4': '2024-01-17T10:15:25.179Z',
13 silly view       '3.2.5': '2024-02-04T05:38:11.623Z',
13 silly view       '3.3.0': '2024-06-01T17:03:12.419Z',
13 silly view       '3.3.1': '2024-06-05T09:11:21.355Z',
13 silly view       '3.3.2': '2024-06-11T06:07:20.240Z',
13 silly view       '4.0.0-alpha.9': '2024-06-17T22:48:53.722Z',
13 silly view       '3.3.3': '2024-07-13T12:26:38.008Z',
13 silly view       '4.0.0-alpha.10': '2024-09-02T22:37:55.892Z',
13 silly view       '3.4.0': '2024-11-26T04:51:34.765Z',
13 silly view       '3.4.1': '2024-11-26T13:04:40.296Z',
13 silly view       '3.4.2': '2024-12-04T07:04:07.630Z',
13 silly view       '3.5.0': '2025-02-09T11:23:40.436Z',
13 silly view       '3.5.1': '2025-02-13T13:13:25.908Z',
13 silly view       '3.5.2': '2025-02-22T04:13:24.234Z',
13 silly view       '4.0.0-alpha.11': '2025-02-24T22:11:36.974Z',
13 silly view       '3.5.3': '2025-03-03T01:18:57.493Z',
13 silly view       '4.0.0-alpha.12': '2025-03-06T09:58:16.951Z'
13 silly view     },
13 silly view     bugs: { url: 'https://github.com/prettier/prettier/issues' },
13 silly view     author: { name: 'James Long' },
13 silly view     license: 'MIT',
13 silly view     homepage: 'https://prettier.io',
13 silly view     repository: {
13 silly view       url: 'git+https://github.com/prettier/prettier.git',
13 silly view       type: 'git'
13 silly view     },
13 silly view     description: 'Prettier is an opinionated code formatter',
13 silly view     maintainers: [
13 silly view       [Object], [Object],
13 silly view       [Object], [Object],
13 silly view       [Object], [Object],
13 silly view       [Object], [Object],
13 silly view       [Object], [Object],
13 silly view       [Object]
13 silly view     ],
13 silly view     readmeFilename: '',
13 silly view     users: {
13 silly view       azz: true,
13 silly view       s4j: true,
13 silly view       dwqs: true,
13 silly view       enna: true,
13 silly view       kael: true,
13 silly view       l3au: true,
13 silly view       'tg-z': true,
13 silly view       tido: true,
13 silly view       tztz: true,
13 silly view       f3ist: true,
13 silly view       kalil: true,
13 silly view       panlw: true,
13 silly view       emj365: true,
13 silly view       godber: true,
13 silly view       kalzad: true,
13 silly view       phixed: true,
13 silly view       phixid: true,
13 silly view       tcrowe: true,
13 silly view       tedyhy: true,
13 silly view       ziflex: true,
13 silly view       arpit_g: true,
13 silly view       ferrari: true,
13 silly view       icodejs: true,
13 silly view       pixel67: true,
13 silly view       shisama: true,
13 silly view       yanghcc: true,
13 silly view       aidenzou: true,
13 silly view       bcowgi11: true,
13 silly view       deerflow: true,
13 silly view       fakefarm: true,
13 silly view       hugovila: true,
13 silly view       juandaco: true,
13 silly view       kvangrae: true,
13 silly view       mhaidarh: true,
13 silly view       aland_146: true,
13 silly view       anddoutoi: true,
13 silly view       goliatone: true,
13 silly view       heartnett: true,
13 silly view       larrychen: true,
13 silly view       whathejoe: true,
13 silly view       aaronwells: true,
13 silly view       cfleschhut: true,
13 silly view       jeffbyrnes: true,
13 silly view       okraciunas: true,
13 silly view       r37r0m0d3l: true,
13 silly view       raycharles: true,
13 silly view       seangenabe: true,
13 silly view       shuoshubao: true,
13 silly view       stormcrows: true,
13 silly view       bloodydaley: true,
13 silly view       davidazullo: true,
13 silly view       davidnyhuis: true,
13 silly view       'flumpus-dev': true,
13 silly view       glektarssza: true,
13 silly view       jeffhawkins: true,
13 silly view       kodekracker: true,
13 silly view       nisimjoseph: true,
13 silly view       sethbergman: true,
13 silly view       darrentorpey: true,
13 silly view       evanshortiss: true,
13 silly view       'ivan.marquez': true,
13 silly view       jamescostian: true,
13 silly view       jeppesigaard: true,
13 silly view       andrewbaisden: true,
13 silly view       hoanganh25991: true,
13 silly view       yongfei_iflix: true,
13 silly view       duncanawerbuck: true,
13 silly view       rickyrattlesnake: true,
13 silly view       rahulraghavankklm: true,
13 silly view       'timur.shemsedinov': true,
13 silly view       danarthurgallagher: true
13 silly view     },
13 silly view     version: '3.5.3',
13 silly view     bin: { prettier: 'bin/prettier.cjs' },
13 silly view     dist: {
13 silly view       shasum: '4fc2ce0d657e7a02e602549f053b239cb7dfe1b5',
13 silly view       tarball: 'https://registry.npmjs.org/prettier/-/prettier-3.5.3.tgz',
13 silly view       fileCount: 54,
13 silly view       integrity: 'sha512-QQtaxnoDJeAkDvDKWCLiwIXkTgRhwYDEQCghU9Z6q03iyek/rxRh/2lC3HB7P8sWT2xC/y5JDctPLBIGzHKbhw==',
13 silly view       signatures: [Array],
13 silly view       unpackedSize: 7876465
13 silly view     },
13 silly view     main: './index.cjs',
13 silly view     type: 'commonjs',
13 silly view     types: './index.d.ts',
13 silly view     unpkg: './standalone.js',
13 silly view     browser: './standalone.js',
13 silly view     engines: { node: '>=14' },
13 silly view     exports: {
13 silly view       '.': [Object],
13 silly view       './*': './*',
13 silly view       './doc': [Object],
13 silly view       './standalone': [Object],
13 silly view       './parser-flow': './plugins/flow.js',
13 silly view       './parser-html': './plugins/html.js',
13 silly view       './parser-yaml': './plugins/yaml.js',
13 silly view       './parser-babel': './plugins/babel.js',
13 silly view       './plugins/flow': [Object],
13 silly view       './plugins/html': [Object],
13 silly view       './plugins/yaml': [Object],
13 silly view       './parser-espree': './plugins/acorn.js',
13 silly view       './plugins/acorn': [Object],
13 silly view       './plugins/babel': [Object],
13 silly view       './parser-angular': './plugins/angular.js',
13 silly view       './parser-flow.js': './plugins/flow.js',
13 silly view       './parser-glimmer': './plugins/glimmer.js',
13 silly view       './parser-graphql': './plugins/graphql.js',
13 silly view       './parser-html.js': './plugins/html.js',
13 silly view       './parser-meriyah': './plugins/meriyah.js',
13 silly view       './parser-postcss': './plugins/postcss.js',
13 silly view       './parser-yaml.js': './plugins/yaml.js',
13 silly view       './plugins/estree': [Object],
13 silly view       './parser-babel.js': './plugins/babel.js',
13 silly view       './parser-markdown': './plugins/markdown.js',
13 silly view       './plugins/angular': [Object],
13 silly view       './plugins/glimmer': [Object],
13 silly view       './plugins/graphql': [Object],
13 silly view       './plugins/meriyah': [Object],
13 silly view       './plugins/postcss': [Object],
13 silly view       './parser-espree.js': './plugins/acorn.js',
13 silly view       './plugins/markdown': [Object],
13 silly view       './parser-angular.js': './plugins/angular.js',
13 silly view       './parser-glimmer.js': './plugins/glimmer.js',
13 silly view       './parser-graphql.js': './plugins/graphql.js',
13 silly view       './parser-meriyah.js': './plugins/meriyah.js',
13 silly view       './parser-postcss.js': './plugins/postcss.js',
13 silly view       './parser-typescript': './plugins/typescript.js',
13 silly view       './esm/standalone.mjs': './standalone.mjs',
13 silly view       './parser-markdown.js': './plugins/markdown.js',
13 silly view       './plugins/typescript': [Object],
13 silly view       './esm/parser-flow.mjs': './plugins/flow.mjs',
13 silly view       './esm/parser-html.mjs': './plugins/html.mjs',
13 silly view       './esm/parser-yaml.mjs': './plugins/yaml.mjs',
13 silly view       './esm/parser-babel.mjs': './plugins/babel.mjs',
13 silly view       './parser-typescript.js': './plugins/typescript.js',
13 silly view       './esm/parser-espree.mjs': './plugins/acorn.mjs',
13 silly view       './esm/parser-angular.mjs': './plugins/angular.mjs',
13 silly view       './esm/parser-glimmer.mjs': './plugins/glimmer.mjs',
13 silly view       './esm/parser-graphql.mjs': './plugins/graphql.mjs',
13 silly view       './esm/parser-meriyah.mjs': './plugins/meriyah.mjs',
13 silly view       './esm/parser-postcss.mjs': './plugins/postcss.mjs',
13 silly view       './esm/parser-markdown.mjs': './plugins/markdown.mjs',
13 silly view       './esm/parser-typescript.mjs': './plugins/typescript.mjs'
13 silly view     },
13 silly view     funding: 'https://github.com/prettier/prettier?sponsor=1',
13 silly view     gitHead: 'b51ba9d46765bcfab714ebca982bd04ad25ae562',
13 silly view     _npmUser: { name: 'prettier-bot', email: 'prettier-bot@d0d0.com' },
13 silly view     _npmVersion: '10.8.2',
13 silly view     directories: {},
13 silly view     _nodeVersion: '20.18.3',
13 silly view     _hasShrinkwrap: false,
13 silly view     preferUnplugged: true,
13 silly view     _npmOperationalInternal: {
13 silly view       tmp: 'tmp/prettier_3.5.3_1740964737290_0.3676520097921667',
13 silly view       host: 's3://npm-registry-packages-npm-production'
13 silly view     }
13 silly view   }
13 silly view }
14 verbose cwd /home/nizam/config-files
15 verbose os Linux 6.14.7-arch2-1
16 verbose node v24.1.0
17 verbose npm  v11.3.0
18 verbose exit 0
19 info ok
