0 verbose cli /home/nizam/.local/share/fnm/node-versions/v24.1.0/installation/bin/node /run/user/1000/fnm_multishells/14646_1748198727961/bin/npm
1 info using npm@11.3.0
2 info using node@v24.1.0
3 silly config load:file:/home/nizam/.local/share/fnm/node-versions/v24.1.0/installation/lib/node_modules/npm/npmrc
4 silly config load:file:/home/nizam/.local/share/zed/prettier/.npmrc
5 silly config load:file:/home/nizam/.npmrc
6 silly config load:file:/home/nizam/.local/share/zed/prettier/etc/npmrc
7 verbose title npm install prettier@3.5.3
8 verbose argv "install" "--cache" "/home/nizam/.local/share/zed/node/cache" "prettier@3.5.3" "--save-exact" "--fetch-retry-mintimeout" "2000" "--fetch-retry-maxtimeout" "5000" "--fetch-timeout" "5000" "--prefix" "/home/nizam/.local/share/zed/prettier"
9 verbose logfile logs-max:10 dir:/home/nizam/.local/share/zed/node/cache/_logs/2025-05-25T18_45_38_027Z-
10 verbose logfile /home/nizam/.local/share/zed/node/cache/_logs/2025-05-25T18_45_38_027Z-debug-0.log
11 silly logfile done cleaning log files
12 silly packumentCache heap:4496293888 maxSize:1124073472 maxEntrySize:562036736
13 silly idealTree buildDeps
14 silly fetch manifest prettier@3.5.3
15 silly packumentCache full:https://registry.npmjs.org/prettier cache-miss
16 http cache https://registry.npmjs.org/prettier 8ms (cache hit)
17 silly packumentCache full:https://registry.npmjs.org/prettier set size:587815 disposed:false
18 silly placeDep ROOT prettier@3.5.3 OK for:  want: 3.5.3
19 silly reify moves {}
20 http cache prettier@https://registry.npmjs.org/prettier/-/prettier-3.5.3.tgz 0ms (cache hit)
21 silly tarball no local data for prettier@https://registry.npmjs.org/prettier/-/prettier-3.5.3.tgz. Extracting by manifest.
22 http fetch GET 200 https://registry.npmjs.org/prettier/-/prettier-3.5.3.tgz 3632ms (cache miss)
23 silly ADD node_modules/prettier
24 verbose cwd /home/nizam/config-files/zed/.local/share/zed/prettier
25 verbose os Linux 6.14.7-arch2-1
26 verbose node v24.1.0
27 verbose npm  v11.3.0
28 verbose exit 0
29 info ok
