0 verbose cli /home/nizam/.local/share/fnm/node-versions/v24.1.0/installation/bin/node /run/user/1000/fnm_multishells/14646_1748198727961/bin/npm
1 info using npm@11.3.0
2 info using node@v24.1.0
3 silly config load:file:/home/nizam/.local/share/fnm/node-versions/v24.1.0/installation/lib/node_modules/npm/npmrc
4 silly config load:file:/home/nizam/.local/share/zed/languages/json-language-server/.npmrc
5 silly config load:file:/home/nizam/.npmrc
6 silly config load:file:/home/nizam/.local/share/zed/languages/json-language-server/etc/npmrc
7 verbose title npm install vscode-langservers-extracted@4.10.0
8 verbose argv "install" "--cache" "/home/nizam/.local/share/zed/node/cache" "vscode-langservers-extracted@4.10.0" "--save-exact" "--fetch-retry-mintimeout" "2000" "--fetch-retry-maxtimeout" "5000" "--fetch-timeout" "5000" "--prefix" "/home/nizam/.local/share/zed/languages/json-language-server"
9 verbose logfile logs-max:10 dir:/home/nizam/.local/share/zed/node/cache/_logs/2025-05-25T18_47_11_566Z-
10 verbose logfile /home/nizam/.local/share/zed/node/cache/_logs/2025-05-25T18_47_11_566Z-debug-0.log
11 silly logfile done cleaning log files
12 silly packumentCache heap:4496293888 maxSize:1124073472 maxEntrySize:562036736
13 silly idealTree buildDeps
14 silly fetch manifest vscode-langservers-extracted@4.10.0
15 silly packumentCache full:https://registry.npmjs.org/vscode-langservers-extracted cache-miss
16 http cache https://registry.npmjs.org/vscode-langservers-extracted 7ms (cache hit)
17 silly packumentCache full:https://registry.npmjs.org/vscode-langservers-extracted set size:73939 disposed:false
18 silly placeDep ROOT vscode-langservers-extracted@4.10.0 OK for:  want: 4.10.0
19 silly fetch manifest @vscode/l10n@^0.0.18
20 silly packumentCache full:https://registry.npmjs.org/@vscode%2fl10n cache-miss
21 silly fetch manifest core-js@^3.20.1
22 silly packumentCache full:https://registry.npmjs.org/core-js cache-miss
23 silly fetch manifest jsonc-parser@^3.2.1
24 silly packumentCache full:https://registry.npmjs.org/jsonc-parser cache-miss
25 silly fetch manifest regenerator-runtime@^0.13.9
26 silly packumentCache full:https://registry.npmjs.org/regenerator-runtime cache-miss
27 silly fetch manifest request-light@^0.7.0
28 silly packumentCache full:https://registry.npmjs.org/request-light cache-miss
29 silly fetch manifest semver@^7.6.1
30 silly packumentCache full:https://registry.npmjs.org/semver cache-miss
31 silly fetch manifest typescript@^4.0.5
32 silly packumentCache full:https://registry.npmjs.org/typescript cache-miss
33 silly fetch manifest vscode-css-languageservice@^6.2.14
34 silly packumentCache full:https://registry.npmjs.org/vscode-css-languageservice cache-miss
35 silly fetch manifest vscode-html-languageservice@^5.2.0
36 silly packumentCache full:https://registry.npmjs.org/vscode-html-languageservice cache-miss
37 silly fetch manifest vscode-json-languageservice@^5.3.11
38 silly packumentCache full:https://registry.npmjs.org/vscode-json-languageservice cache-miss
39 silly fetch manifest vscode-languageserver@^10.0.0-next.3
40 silly packumentCache full:https://registry.npmjs.org/vscode-languageserver cache-miss
41 silly fetch manifest vscode-languageserver-textdocument@^1.0.11
42 silly packumentCache full:https://registry.npmjs.org/vscode-languageserver-textdocument cache-miss
43 silly fetch manifest vscode-languageserver-types@^3.17.5
44 silly packumentCache full:https://registry.npmjs.org/vscode-languageserver-types cache-miss
45 silly fetch manifest vscode-markdown-languageservice@^0.5.0-alpha.6
46 silly packumentCache full:https://registry.npmjs.org/vscode-markdown-languageservice cache-miss
47 silly fetch manifest vscode-nls@^5.2.0
48 silly packumentCache full:https://registry.npmjs.org/vscode-nls cache-miss
49 silly fetch manifest vscode-uri@^3.0.8
50 silly packumentCache full:https://registry.npmjs.org/vscode-uri cache-miss
51 http fetch GET 200 https://registry.npmjs.org/request-light 1551ms (cache miss)
52 silly packumentCache full:https://registry.npmjs.org/request-light set size:undefined disposed:false
53 http fetch GET 200 https://registry.npmjs.org/jsonc-parser 1572ms (cache miss)
54 silly packumentCache full:https://registry.npmjs.org/jsonc-parser set size:undefined disposed:false
55 http fetch GET 200 https://registry.npmjs.org/semver 1670ms (cache miss)
56 silly packumentCache full:https://registry.npmjs.org/semver set size:undefined disposed:false
57 http fetch GET 200 https://registry.npmjs.org/regenerator-runtime 1739ms (cache miss)
58 silly packumentCache full:https://registry.npmjs.org/regenerator-runtime set size:undefined disposed:false
59 http fetch GET 200 https://registry.npmjs.org/@vscode%2fl10n 1838ms (cache miss)
60 silly packumentCache full:https://registry.npmjs.org/@vscode%2fl10n set size:undefined disposed:false
61 http fetch GET 200 https://registry.npmjs.org/core-js 4290ms (cache miss)
62 silly packumentCache full:https://registry.npmjs.org/core-js set size:undefined disposed:false
63 http fetch GET https://registry.npmjs.org/vscode-json-languageservice attempt 1 failed with FETCH_ERROR
64 http fetch GET https://registry.npmjs.org/vscode-css-languageservice attempt 1 failed with FETCH_ERROR
65 http fetch GET https://registry.npmjs.org/vscode-html-languageservice attempt 1 failed with FETCH_ERROR
66 http fetch GET 200 https://registry.npmjs.org/typescript 6133ms (cache miss)
67 silly packumentCache full:https://registry.npmjs.org/typescript set size:undefined disposed:false
68 http fetch GET https://registry.npmjs.org/vscode-languageserver attempt 1 failed with FETCH_ERROR
69 http fetch GET https://registry.npmjs.org/vscode-languageserver-textdocument attempt 1 failed with FETCH_ERROR
70 http fetch GET https://registry.npmjs.org/vscode-languageserver-types attempt 1 failed with FETCH_ERROR
71 http fetch GET https://registry.npmjs.org/vscode-markdown-languageservice attempt 1 failed with FETCH_ERROR
72 http fetch GET https://registry.npmjs.org/vscode-nls attempt 1 failed with FETCH_ERROR
73 http fetch GET https://registry.npmjs.org/vscode-uri attempt 1 failed with FETCH_ERROR
74 http fetch GET 200 https://registry.npmjs.org/vscode-json-languageservice 8288ms attempt #2 (cache miss)
75 silly packumentCache full:https://registry.npmjs.org/vscode-json-languageservice set size:undefined disposed:false
76 http fetch GET 200 https://registry.npmjs.org/vscode-css-languageservice 8330ms attempt #2 (cache miss)
77 silly packumentCache full:https://registry.npmjs.org/vscode-css-languageservice set size:undefined disposed:false
78 http fetch GET 200 https://registry.npmjs.org/vscode-html-languageservice 8334ms attempt #2 (cache miss)
79 silly packumentCache full:https://registry.npmjs.org/vscode-html-languageservice set size:undefined disposed:false
80 http fetch GET 200 https://registry.npmjs.org/vscode-languageserver 8346ms attempt #2 (cache miss)
81 silly packumentCache full:https://registry.npmjs.org/vscode-languageserver set size:undefined disposed:false
82 http fetch GET 200 https://registry.npmjs.org/vscode-languageserver-textdocument 8477ms attempt #2 (cache miss)
83 silly packumentCache full:https://registry.npmjs.org/vscode-languageserver-textdocument set size:undefined disposed:false
84 http fetch GET 200 https://registry.npmjs.org/vscode-markdown-languageservice 9067ms attempt #2 (cache miss)
85 silly packumentCache full:https://registry.npmjs.org/vscode-markdown-languageservice set size:undefined disposed:false
86 http fetch GET 200 https://registry.npmjs.org/vscode-languageserver-types 9078ms attempt #2 (cache miss)
87 silly packumentCache full:https://registry.npmjs.org/vscode-languageserver-types set size:undefined disposed:false
88 http fetch GET 200 https://registry.npmjs.org/vscode-nls 9090ms attempt #2 (cache miss)
89 silly packumentCache full:https://registry.npmjs.org/vscode-nls set size:undefined disposed:false
90 http fetch GET 200 https://registry.npmjs.org/vscode-uri 9136ms attempt #2 (cache miss)
91 silly packumentCache full:https://registry.npmjs.org/vscode-uri set size:undefined disposed:false
92 silly placeDep ROOT @vscode/l10n@0.0.18 OK for: vscode-langservers-extracted@4.10.0 want: ^0.0.18
93 silly placeDep ROOT core-js@3.42.0 OK for: vscode-langservers-extracted@4.10.0 want: ^3.20.1
94 silly placeDep ROOT jsonc-parser@3.3.1 OK for: vscode-langservers-extracted@4.10.0 want: ^3.2.1
95 silly placeDep ROOT regenerator-runtime@0.13.11 OK for: vscode-langservers-extracted@4.10.0 want: ^0.13.9
96 silly placeDep ROOT request-light@0.7.0 OK for: vscode-langservers-extracted@4.10.0 want: ^0.7.0
97 silly placeDep ROOT semver@7.7.2 OK for: vscode-langservers-extracted@4.10.0 want: ^7.6.1
98 silly placeDep ROOT typescript@4.9.5 OK for: vscode-langservers-extracted@4.10.0 want: ^4.0.5
99 silly placeDep ROOT vscode-css-languageservice@6.3.5 OK for: vscode-langservers-extracted@4.10.0 want: ^6.2.14
100 silly placeDep ROOT vscode-html-languageservice@5.4.0 OK for: vscode-langservers-extracted@4.10.0 want: ^5.2.0
101 silly placeDep ROOT vscode-json-languageservice@5.5.0 OK for: vscode-langservers-extracted@4.10.0 want: ^5.3.11
102 silly placeDep ROOT vscode-languageserver@10.0.0-next.13 OK for: vscode-langservers-extracted@4.10.0 want: ^10.0.0-next.3
103 silly placeDep ROOT vscode-languageserver-textdocument@1.0.12 OK for: vscode-langservers-extracted@4.10.0 want: ^1.0.11
104 silly placeDep ROOT vscode-languageserver-types@3.17.5 OK for: vscode-langservers-extracted@4.10.0 want: ^3.17.5
105 silly placeDep ROOT vscode-markdown-languageservice@0.5.0-alpha.10 OK for: vscode-langservers-extracted@4.10.0 want: ^0.5.0-alpha.6
106 silly placeDep ROOT vscode-nls@5.2.0 OK for: vscode-langservers-extracted@4.10.0 want: ^5.2.0
107 silly placeDep ROOT vscode-uri@3.1.0 OK for: vscode-langservers-extracted@4.10.0 want: ^3.0.8
108 silly fetch manifest vscode-uri@^3.1.0
109 silly packumentCache full:https://registry.npmjs.org/vscode-uri cache-miss
110 silly fetch manifest vscode-languageserver-types@3.17.5
111 silly packumentCache full:https://registry.npmjs.org/vscode-languageserver-types cache-miss
112 silly fetch manifest vscode-languageserver-textdocument@^1.0.12
113 silly packumentCache full:https://registry.npmjs.org/vscode-languageserver-textdocument cache-miss
114 silly fetch manifest vscode-uri@^3.1.0
115 silly packumentCache full:https://registry.npmjs.org/vscode-uri cache-miss
116 silly fetch manifest vscode-languageserver-textdocument@^1.0.12
117 silly packumentCache full:https://registry.npmjs.org/vscode-languageserver-textdocument cache-miss
118 silly fetch manifest vscode-languageserver-textdocument@^1.0.12
119 silly packumentCache full:https://registry.npmjs.org/vscode-languageserver-textdocument cache-miss
120 silly fetch manifest vscode-uri@^3.1.0
121 silly packumentCache full:https://registry.npmjs.org/vscode-uri cache-miss
122 silly fetch manifest vscode-languageserver-protocol@3.17.6-next.13
123 silly packumentCache full:https://registry.npmjs.org/vscode-languageserver-protocol cache-miss
124 silly fetch manifest @vscode/l10n@^0.0.10
125 silly packumentCache full:https://registry.npmjs.org/@vscode%2fl10n cache-miss
126 silly fetch manifest node-html-parser@^6.1.5
127 silly packumentCache full:https://registry.npmjs.org/node-html-parser cache-miss
128 silly fetch manifest picomatch@^2.3.1
129 silly packumentCache full:https://registry.npmjs.org/picomatch cache-miss
130 silly fetch manifest vscode-languageserver-protocol@^3.17.1
131 silly packumentCache full:https://registry.npmjs.org/vscode-languageserver-protocol cache-miss
132 silly fetch manifest vscode-uri@^3.0.7
133 silly packumentCache full:https://registry.npmjs.org/vscode-uri cache-miss
134 http cache https://registry.npmjs.org/vscode-languageserver-textdocument 7ms (cache hit)
135 silly packumentCache full:https://registry.npmjs.org/vscode-languageserver-textdocument set size:66497 disposed:false
136 http cache https://registry.npmjs.org/vscode-uri 8ms (cache hit)
137 silly packumentCache full:https://registry.npmjs.org/vscode-uri set size:75563 disposed:false
138 http cache https://registry.npmjs.org/vscode-languageserver-types 8ms (cache hit)
139 silly packumentCache full:https://registry.npmjs.org/vscode-languageserver-types set size:307546 disposed:false
140 http cache https://registry.npmjs.org/vscode-languageserver-textdocument 10ms (cache hit)
141 silly packumentCache full:https://registry.npmjs.org/vscode-languageserver-textdocument set size:66497 disposed:false
142 silly packumentCache full:https://registry.npmjs.org/vscode-languageserver-textdocument dispose
143 http cache https://registry.npmjs.org/vscode-uri 9ms (cache hit)
144 silly packumentCache full:https://registry.npmjs.org/vscode-uri set size:75563 disposed:false
145 silly packumentCache full:https://registry.npmjs.org/vscode-uri dispose
146 http cache https://registry.npmjs.org/vscode-languageserver-textdocument 11ms (cache hit)
147 silly packumentCache full:https://registry.npmjs.org/vscode-languageserver-textdocument set size:66497 disposed:true
148 silly packumentCache full:https://registry.npmjs.org/vscode-languageserver-textdocument dispose
149 http cache https://registry.npmjs.org/@vscode%2fl10n 10ms (cache hit)
150 silly packumentCache full:https://registry.npmjs.org/@vscode%2fl10n set size:58396 disposed:false
151 http cache https://registry.npmjs.org/vscode-uri 11ms (cache hit)
152 silly packumentCache full:https://registry.npmjs.org/vscode-uri set size:75563 disposed:true
153 silly packumentCache full:https://registry.npmjs.org/vscode-uri dispose
154 http cache https://registry.npmjs.org/vscode-uri 13ms (cache hit)
155 silly packumentCache full:https://registry.npmjs.org/vscode-uri set size:75563 disposed:true
156 silly packumentCache full:https://registry.npmjs.org/vscode-uri dispose
157 http fetch GET 200 https://registry.npmjs.org/vscode-languageserver-protocol 160ms (cache miss)
158 silly packumentCache full:https://registry.npmjs.org/vscode-languageserver-protocol set size:undefined disposed:false
159 http fetch GET 200 https://registry.npmjs.org/node-html-parser 171ms (cache miss)
160 silly packumentCache full:https://registry.npmjs.org/node-html-parser set size:undefined disposed:false
161 http fetch GET 200 https://registry.npmjs.org/picomatch 215ms (cache miss)
162 silly packumentCache full:https://registry.npmjs.org/picomatch set size:undefined disposed:false
163 http fetch GET 200 https://registry.npmjs.org/vscode-languageserver-protocol 249ms (cache miss)
164 silly packumentCache full:https://registry.npmjs.org/vscode-languageserver-protocol set size:undefined disposed:false
165 silly placeDep ROOT vscode-languageserver-protocol@3.17.6-next.13 OK for: vscode-languageserver@10.0.0-next.13 want: 3.17.6-next.13
166 silly fetch manifest vscode-jsonrpc@9.0.0-next.8
167 silly packumentCache full:https://registry.npmjs.org/vscode-jsonrpc cache-miss
168 silly fetch manifest vscode-languageserver-types@3.17.6-next.6
169 silly packumentCache full:https://registry.npmjs.org/vscode-languageserver-types cache-hit
170 http fetch GET 200 https://registry.npmjs.org/vscode-jsonrpc 576ms (cache miss)
171 silly packumentCache full:https://registry.npmjs.org/vscode-jsonrpc set size:undefined disposed:false
172 silly placeDep ROOT vscode-jsonrpc@9.0.0-next.8 OK for: vscode-languageserver-protocol@3.17.6-next.13 want: 9.0.0-next.8
173 silly placeDep node_modules/vscode-languageserver-protocol vscode-languageserver-types@3.17.6-next.6 OK for: vscode-languageserver-protocol@3.17.6-next.13 want: 3.17.6-next.6
174 silly placeDep node_modules/vscode-markdown-languageservice @vscode/l10n@0.0.10 OK for: vscode-markdown-languageservice@0.5.0-alpha.10 want: ^0.0.10
175 silly placeDep ROOT node-html-parser@6.1.13 OK for: vscode-markdown-languageservice@0.5.0-alpha.10 want: ^6.1.5
176 silly placeDep ROOT picomatch@2.3.1 OK for: vscode-markdown-languageservice@0.5.0-alpha.10 want: ^2.3.1
177 silly placeDep node_modules/vscode-markdown-languageservice vscode-languageserver-protocol@3.17.5 OK for: vscode-markdown-languageservice@0.5.0-alpha.10 want: ^3.17.1
178 silly fetch manifest he@1.2.0
179 silly packumentCache full:https://registry.npmjs.org/he cache-miss
180 silly fetch manifest css-select@^5.1.0
181 silly packumentCache full:https://registry.npmjs.org/css-select cache-miss
182 silly fetch manifest vscode-jsonrpc@8.2.0
183 silly packumentCache full:https://registry.npmjs.org/vscode-jsonrpc cache-miss
184 http cache https://registry.npmjs.org/vscode-jsonrpc 5ms (cache hit)
185 silly packumentCache full:https://registry.npmjs.org/vscode-jsonrpc set size:373323 disposed:false
186 http fetch GET 200 https://registry.npmjs.org/he 69ms (cache miss)
187 silly packumentCache full:https://registry.npmjs.org/he set size:undefined disposed:false
188 http fetch GET 200 https://registry.npmjs.org/css-select 107ms (cache miss)
189 silly packumentCache full:https://registry.npmjs.org/css-select set size:undefined disposed:false
190 silly placeDep ROOT css-select@5.1.0 OK for: node-html-parser@6.1.13 want: ^5.1.0
191 silly placeDep ROOT he@1.2.0 OK for: node-html-parser@6.1.13 want: 1.2.0
192 silly fetch manifest boolbase@^1.0.0
193 silly packumentCache full:https://registry.npmjs.org/boolbase cache-miss
194 silly fetch manifest css-what@^6.1.0
195 silly packumentCache full:https://registry.npmjs.org/css-what cache-miss
196 silly fetch manifest domhandler@^5.0.2
197 silly packumentCache full:https://registry.npmjs.org/domhandler cache-miss
198 silly fetch manifest domutils@^3.0.1
199 silly packumentCache full:https://registry.npmjs.org/domutils cache-miss
200 silly fetch manifest nth-check@^2.0.1
201 silly packumentCache full:https://registry.npmjs.org/nth-check cache-miss
202 http fetch GET 200 https://registry.npmjs.org/boolbase 78ms (cache miss)
203 silly packumentCache full:https://registry.npmjs.org/boolbase set size:undefined disposed:false
204 http fetch GET 200 https://registry.npmjs.org/css-what 127ms (cache miss)
205 silly packumentCache full:https://registry.npmjs.org/css-what set size:undefined disposed:false
206 http fetch GET 200 https://registry.npmjs.org/domhandler 177ms (cache miss)
207 silly packumentCache full:https://registry.npmjs.org/domhandler set size:undefined disposed:false
208 http fetch GET 200 https://registry.npmjs.org/domutils 191ms (cache miss)
209 silly packumentCache full:https://registry.npmjs.org/domutils set size:undefined disposed:false
210 http fetch GET 200 https://registry.npmjs.org/nth-check 192ms (cache miss)
211 silly packumentCache full:https://registry.npmjs.org/nth-check set size:undefined disposed:false
212 silly placeDep ROOT boolbase@1.0.0 OK for: css-select@5.1.0 want: ^1.0.0
213 silly placeDep ROOT css-what@6.1.0 OK for: css-select@5.1.0 want: ^6.1.0
214 silly placeDep ROOT domhandler@5.0.3 OK for: css-select@5.1.0 want: ^5.0.2
215 silly placeDep ROOT domutils@3.2.2 OK for: css-select@5.1.0 want: ^3.0.1
216 silly placeDep ROOT nth-check@2.1.1 OK for: css-select@5.1.0 want: ^2.0.1
217 silly fetch manifest domelementtype@^2.3.0
218 silly packumentCache full:https://registry.npmjs.org/domelementtype cache-miss
219 silly fetch manifest dom-serializer@^2.0.0
220 silly packumentCache full:https://registry.npmjs.org/dom-serializer cache-miss
221 silly fetch manifest domelementtype@^2.3.0
222 silly packumentCache full:https://registry.npmjs.org/domelementtype cache-miss
223 http fetch GET 200 https://registry.npmjs.org/domelementtype 142ms (cache miss)
224 silly packumentCache full:https://registry.npmjs.org/domelementtype set size:undefined disposed:false
225 http fetch GET 200 https://registry.npmjs.org/dom-serializer 167ms (cache miss)
226 silly packumentCache full:https://registry.npmjs.org/dom-serializer set size:undefined disposed:false
227 http fetch GET 200 https://registry.npmjs.org/domelementtype 238ms (cache miss)
228 silly packumentCache full:https://registry.npmjs.org/domelementtype set size:undefined disposed:false
229 silly placeDep ROOT domelementtype@2.3.0 OK for: domhandler@5.0.3 want: ^2.3.0
230 silly placeDep ROOT dom-serializer@2.0.0 OK for: domutils@3.2.2 want: ^2.0.0
231 silly fetch manifest entities@^4.2.0
232 silly packumentCache full:https://registry.npmjs.org/entities cache-miss
233 http fetch GET 200 https://registry.npmjs.org/entities 115ms (cache miss)
234 silly packumentCache full:https://registry.npmjs.org/entities set size:undefined disposed:false
235 silly placeDep ROOT entities@4.5.0 OK for: dom-serializer@2.0.0 want: ^4.2.0
236 silly placeDep node_modules/vscode-markdown-languageservice vscode-jsonrpc@8.2.0 OK for: vscode-languageserver-protocol@3.17.5 want: 8.2.0
237 silly reify moves {}
238 http cache dom-serializer@https://registry.npmjs.org/dom-serializer/-/dom-serializer-2.0.0.tgz 0ms (cache hit)
239 http cache entities@https://registry.npmjs.org/entities/-/entities-4.5.0.tgz 0ms (cache hit)
240 http cache domelementtype@https://registry.npmjs.org/domelementtype/-/domelementtype-2.3.0.tgz 0ms (cache hit)
241 http cache nth-check@https://registry.npmjs.org/nth-check/-/nth-check-2.1.1.tgz 0ms (cache hit)
242 http cache domutils@https://registry.npmjs.org/domutils/-/domutils-3.2.2.tgz 0ms (cache hit)
243 http cache css-what@https://registry.npmjs.org/css-what/-/css-what-6.1.0.tgz 0ms (cache hit)
244 http cache domhandler@https://registry.npmjs.org/domhandler/-/domhandler-5.0.3.tgz 0ms (cache hit)
245 http cache boolbase@https://registry.npmjs.org/boolbase/-/boolbase-1.0.0.tgz 0ms (cache hit)
246 http cache he@https://registry.npmjs.org/he/-/he-1.2.0.tgz 0ms (cache hit)
247 http cache css-select@https://registry.npmjs.org/css-select/-/css-select-5.1.0.tgz 0ms (cache hit)
248 http cache node-html-parser@https://registry.npmjs.org/node-html-parser/-/node-html-parser-6.1.13.tgz 0ms (cache hit)
249 http cache picomatch@https://registry.npmjs.org/picomatch/-/picomatch-2.3.1.tgz 0ms (cache hit)
250 http cache vscode-jsonrpc@https://registry.npmjs.org/vscode-jsonrpc/-/vscode-jsonrpc-9.0.0-next.8.tgz 0ms (cache hit)
251 http cache vscode-languageserver-protocol@https://registry.npmjs.org/vscode-languageserver-protocol/-/vscode-languageserver-protocol-3.17.6-next.13.tgz 0ms (cache hit)
252 http cache vscode-languageserver-types@https://registry.npmjs.org/vscode-languageserver-types/-/vscode-languageserver-types-3.17.6-next.6.tgz 0ms (cache hit)
253 http cache vscode-uri@https://registry.npmjs.org/vscode-uri/-/vscode-uri-3.1.0.tgz 0ms (cache hit)
254 http cache vscode-nls@https://registry.npmjs.org/vscode-nls/-/vscode-nls-5.2.0.tgz 0ms (cache hit)
255 http cache vscode-jsonrpc@https://registry.npmjs.org/vscode-jsonrpc/-/vscode-jsonrpc-8.2.0.tgz 0ms (cache hit)
256 http cache vscode-languageserver-protocol@https://registry.npmjs.org/vscode-languageserver-protocol/-/vscode-languageserver-protocol-3.17.5.tgz 0ms (cache hit)
257 http cache vscode-markdown-languageservice@https://registry.npmjs.org/vscode-markdown-languageservice/-/vscode-markdown-languageservice-0.5.0-alpha.10.tgz 0ms (cache hit)
258 http cache @vscode/l10n@https://registry.npmjs.org/@vscode/l10n/-/l10n-0.0.10.tgz 0ms (cache hit)
259 http cache vscode-languageserver-types@https://registry.npmjs.org/vscode-languageserver-types/-/vscode-languageserver-types-3.17.5.tgz 0ms (cache hit)
260 http cache vscode-languageserver-textdocument@https://registry.npmjs.org/vscode-languageserver-textdocument/-/vscode-languageserver-textdocument-1.0.12.tgz 0ms (cache hit)
261 http cache vscode-languageserver@https://registry.npmjs.org/vscode-languageserver/-/vscode-languageserver-10.0.0-next.13.tgz 0ms (cache hit)
262 http cache vscode-json-languageservice@https://registry.npmjs.org/vscode-json-languageservice/-/vscode-json-languageservice-5.5.0.tgz 0ms (cache hit)
263 http cache vscode-html-languageservice@https://registry.npmjs.org/vscode-html-languageservice/-/vscode-html-languageservice-5.4.0.tgz 0ms (cache hit)
264 http cache vscode-css-languageservice@https://registry.npmjs.org/vscode-css-languageservice/-/vscode-css-languageservice-6.3.5.tgz 0ms (cache hit)
265 http cache typescript@https://registry.npmjs.org/typescript/-/typescript-4.9.5.tgz 0ms (cache hit)
266 http cache semver@https://registry.npmjs.org/semver/-/semver-7.7.2.tgz 0ms (cache hit)
267 http cache request-light@https://registry.npmjs.org/request-light/-/request-light-0.7.0.tgz 0ms (cache hit)
268 http cache regenerator-runtime@https://registry.npmjs.org/regenerator-runtime/-/regenerator-runtime-0.13.11.tgz 0ms (cache hit)
269 http cache jsonc-parser@https://registry.npmjs.org/jsonc-parser/-/jsonc-parser-3.3.1.tgz 0ms (cache hit)
270 http cache @vscode/l10n@https://registry.npmjs.org/@vscode/l10n/-/l10n-0.0.18.tgz 0ms (cache hit)
271 http cache core-js@https://registry.npmjs.org/core-js/-/core-js-3.42.0.tgz 0ms (cache hit)
272 http cache vscode-langservers-extracted@https://registry.npmjs.org/vscode-langservers-extracted/-/vscode-langservers-extracted-4.10.0.tgz 0ms (cache hit)
273 silly tarball no local data for dom-serializer@https://registry.npmjs.org/dom-serializer/-/dom-serializer-2.0.0.tgz. Extracting by manifest.
274 silly tarball no local data for entities@https://registry.npmjs.org/entities/-/entities-4.5.0.tgz. Extracting by manifest.
275 silly tarball no local data for domelementtype@https://registry.npmjs.org/domelementtype/-/domelementtype-2.3.0.tgz. Extracting by manifest.
276 silly tarball no local data for nth-check@https://registry.npmjs.org/nth-check/-/nth-check-2.1.1.tgz. Extracting by manifest.
277 silly tarball no local data for domutils@https://registry.npmjs.org/domutils/-/domutils-3.2.2.tgz. Extracting by manifest.
278 silly tarball no local data for css-what@https://registry.npmjs.org/css-what/-/css-what-6.1.0.tgz. Extracting by manifest.
279 silly tarball no local data for domhandler@https://registry.npmjs.org/domhandler/-/domhandler-5.0.3.tgz. Extracting by manifest.
280 silly tarball no local data for boolbase@https://registry.npmjs.org/boolbase/-/boolbase-1.0.0.tgz. Extracting by manifest.
281 silly tarball no local data for he@https://registry.npmjs.org/he/-/he-1.2.0.tgz. Extracting by manifest.
282 silly tarball no local data for css-select@https://registry.npmjs.org/css-select/-/css-select-5.1.0.tgz. Extracting by manifest.
283 silly tarball no local data for node-html-parser@https://registry.npmjs.org/node-html-parser/-/node-html-parser-6.1.13.tgz. Extracting by manifest.
284 silly tarball no local data for picomatch@https://registry.npmjs.org/picomatch/-/picomatch-2.3.1.tgz. Extracting by manifest.
285 silly tarball no local data for vscode-jsonrpc@https://registry.npmjs.org/vscode-jsonrpc/-/vscode-jsonrpc-9.0.0-next.8.tgz. Extracting by manifest.
286 silly tarball no local data for vscode-languageserver-protocol@https://registry.npmjs.org/vscode-languageserver-protocol/-/vscode-languageserver-protocol-3.17.6-next.13.tgz. Extracting by manifest.
287 silly tarball no local data for vscode-languageserver-types@https://registry.npmjs.org/vscode-languageserver-types/-/vscode-languageserver-types-3.17.6-next.6.tgz. Extracting by manifest.
288 silly tarball no local data for vscode-uri@https://registry.npmjs.org/vscode-uri/-/vscode-uri-3.1.0.tgz. Extracting by manifest.
289 silly tarball no local data for vscode-nls@https://registry.npmjs.org/vscode-nls/-/vscode-nls-5.2.0.tgz. Extracting by manifest.
290 silly tarball no local data for vscode-jsonrpc@https://registry.npmjs.org/vscode-jsonrpc/-/vscode-jsonrpc-8.2.0.tgz. Extracting by manifest.
291 silly tarball no local data for vscode-languageserver-protocol@https://registry.npmjs.org/vscode-languageserver-protocol/-/vscode-languageserver-protocol-3.17.5.tgz. Extracting by manifest.
292 silly tarball no local data for vscode-markdown-languageservice@https://registry.npmjs.org/vscode-markdown-languageservice/-/vscode-markdown-languageservice-0.5.0-alpha.10.tgz. Extracting by manifest.
293 silly tarball no local data for @vscode/l10n@https://registry.npmjs.org/@vscode/l10n/-/l10n-0.0.10.tgz. Extracting by manifest.
294 silly tarball no local data for vscode-languageserver-types@https://registry.npmjs.org/vscode-languageserver-types/-/vscode-languageserver-types-3.17.5.tgz. Extracting by manifest.
295 silly tarball no local data for vscode-languageserver-textdocument@https://registry.npmjs.org/vscode-languageserver-textdocument/-/vscode-languageserver-textdocument-1.0.12.tgz. Extracting by manifest.
296 silly tarball no local data for vscode-languageserver@https://registry.npmjs.org/vscode-languageserver/-/vscode-languageserver-10.0.0-next.13.tgz. Extracting by manifest.
297 silly tarball no local data for vscode-json-languageservice@https://registry.npmjs.org/vscode-json-languageservice/-/vscode-json-languageservice-5.5.0.tgz. Extracting by manifest.
298 silly tarball no local data for vscode-html-languageservice@https://registry.npmjs.org/vscode-html-languageservice/-/vscode-html-languageservice-5.4.0.tgz. Extracting by manifest.
299 silly tarball no local data for vscode-css-languageservice@https://registry.npmjs.org/vscode-css-languageservice/-/vscode-css-languageservice-6.3.5.tgz. Extracting by manifest.
300 silly tarball no local data for typescript@https://registry.npmjs.org/typescript/-/typescript-4.9.5.tgz. Extracting by manifest.
301 silly tarball no local data for semver@https://registry.npmjs.org/semver/-/semver-7.7.2.tgz. Extracting by manifest.
302 silly tarball no local data for request-light@https://registry.npmjs.org/request-light/-/request-light-0.7.0.tgz. Extracting by manifest.
303 silly tarball no local data for regenerator-runtime@https://registry.npmjs.org/regenerator-runtime/-/regenerator-runtime-0.13.11.tgz. Extracting by manifest.
304 silly tarball no local data for jsonc-parser@https://registry.npmjs.org/jsonc-parser/-/jsonc-parser-3.3.1.tgz. Extracting by manifest.
305 silly tarball no local data for @vscode/l10n@https://registry.npmjs.org/@vscode/l10n/-/l10n-0.0.18.tgz. Extracting by manifest.
306 silly tarball no local data for core-js@https://registry.npmjs.org/core-js/-/core-js-3.42.0.tgz. Extracting by manifest.
307 silly tarball no local data for vscode-langservers-extracted@https://registry.npmjs.org/vscode-langservers-extracted/-/vscode-langservers-extracted-4.10.0.tgz. Extracting by manifest.
308 http fetch GET 200 https://registry.npmjs.org/dom-serializer/-/dom-serializer-2.0.0.tgz 150ms (cache miss)
309 http fetch GET 200 https://registry.npmjs.org/domelementtype/-/domelementtype-2.3.0.tgz 224ms (cache miss)
310 http fetch GET 200 https://registry.npmjs.org/entities/-/entities-4.5.0.tgz 225ms (cache miss)
311 http fetch GET 200 https://registry.npmjs.org/nth-check/-/nth-check-2.1.1.tgz 288ms (cache miss)
312 http fetch GET 200 https://registry.npmjs.org/domutils/-/domutils-3.2.2.tgz 296ms (cache miss)
313 http fetch GET 200 https://registry.npmjs.org/css-what/-/css-what-6.1.0.tgz 373ms (cache miss)
314 http fetch GET 200 https://registry.npmjs.org/vscode-uri/-/vscode-uri-3.1.0.tgz 552ms (cache miss)
315 http fetch GET 200 https://registry.npmjs.org/vscode-nls/-/vscode-nls-5.2.0.tgz 665ms (cache miss)
316 http fetch GET 200 https://registry.npmjs.org/vscode-jsonrpc/-/vscode-jsonrpc-8.2.0.tgz 800ms (cache miss)
317 http fetch GET 200 https://registry.npmjs.org/vscode-languageserver-protocol/-/vscode-languageserver-protocol-3.17.5.tgz 873ms (cache miss)
318 http fetch GET 200 https://registry.npmjs.org/vscode-markdown-languageservice/-/vscode-markdown-languageservice-0.5.0-alpha.10.tgz 1030ms (cache miss)
319 http fetch GET 200 https://registry.npmjs.org/vscode-languageserver-textdocument/-/vscode-languageserver-textdocument-1.0.12.tgz 1381ms (cache miss)
320 http fetch GET 200 https://registry.npmjs.org/vscode-languageserver-types/-/vscode-languageserver-types-3.17.5.tgz 1392ms (cache miss)
321 http fetch GET 200 https://registry.npmjs.org/vscode-languageserver/-/vscode-languageserver-10.0.0-next.13.tgz 1706ms (cache miss)
322 http fetch GET 200 https://registry.npmjs.org/vscode-json-languageservice/-/vscode-json-languageservice-5.5.0.tgz 1713ms (cache miss)
323 http fetch GET 200 https://registry.npmjs.org/vscode-html-languageservice/-/vscode-html-languageservice-5.4.0.tgz 1780ms (cache miss)
324 http fetch GET 200 https://registry.npmjs.org/@vscode/l10n/-/l10n-0.0.10.tgz 2408ms (cache miss)
325 http fetch GET 200 https://registry.npmjs.org/vscode-css-languageservice/-/vscode-css-languageservice-6.3.5.tgz 2615ms (cache miss)
326 http fetch GET 200 https://registry.npmjs.org/regenerator-runtime/-/regenerator-runtime-0.13.11.tgz 3351ms (cache miss)
327 http fetch GET 200 https://registry.npmjs.org/jsonc-parser/-/jsonc-parser-3.3.1.tgz 3691ms (cache miss)
328 http fetch GET https://registry.npmjs.org/semver/-/semver-7.7.2.tgz attempt 1 failed with FETCH_ERROR
329 http fetch GET https://registry.npmjs.org/request-light/-/request-light-0.7.0.tgz attempt 1 failed with FETCH_ERROR
330 http fetch GET https://registry.npmjs.org/@vscode/l10n/-/l10n-0.0.18.tgz attempt 1 failed with FETCH_ERROR
331 http fetch GET 200 https://registry.npmjs.org/vscode-langservers-extracted/-/vscode-langservers-extracted-4.10.0.tgz 7934ms (cache miss)
332 http fetch GET https://registry.npmjs.org/core-js/-/core-js-3.42.0.tgz attempt 1 failed with FETCH_ERROR
333 http fetch GET https://registry.npmjs.org/semver/-/semver-7.7.2.tgz attempt 2 failed with FETCH_ERROR
334 http fetch GET 200 https://registry.npmjs.org/typescript/-/typescript-4.9.5.tgz 20430ms (cache miss)
335 http fetch GET 200 https://registry.npmjs.org/vscode-languageserver-protocol/-/vscode-languageserver-protocol-3.17.6-next.13.tgz 22054ms (cache miss)
336 http fetch GET 200 https://registry.npmjs.org/vscode-languageserver-types/-/vscode-languageserver-types-3.17.6-next.6.tgz 22811ms (cache miss)
337 http fetch GET https://registry.npmjs.org/boolbase/-/boolbase-1.0.0.tgz attempt 1 failed with ECONNRESET
338 http fetch GET https://registry.npmjs.org/domhandler/-/domhandler-5.0.3.tgz attempt 1 failed with ECONNRESET
339 http fetch GET https://registry.npmjs.org/he/-/he-1.2.0.tgz attempt 1 failed with ECONNRESET
340 http fetch GET https://registry.npmjs.org/node-html-parser/-/node-html-parser-6.1.13.tgz attempt 1 failed with ECONNRESET
341 http fetch GET https://registry.npmjs.org/css-select/-/css-select-5.1.0.tgz attempt 1 failed with ECONNRESET
342 http fetch GET https://registry.npmjs.org/vscode-jsonrpc/-/vscode-jsonrpc-9.0.0-next.8.tgz attempt 1 failed with ECONNRESET
343 http fetch GET https://registry.npmjs.org/picomatch/-/picomatch-2.3.1.tgz attempt 1 failed with ECONNRESET
344 http fetch GET 200 https://registry.npmjs.org/@vscode/l10n/-/l10n-0.0.18.tgz 23321ms attempt #2 (cache miss)
345 http fetch GET 200 https://registry.npmjs.org/request-light/-/request-light-0.7.0.tgz 25047ms attempt #2 (cache miss)
346 http fetch GET 200 https://registry.npmjs.org/core-js/-/core-js-3.42.0.tgz 25496ms attempt #2 (cache miss)
347 http fetch GET 200 https://registry.npmjs.org/boolbase/-/boolbase-1.0.0.tgz 25827ms attempt #2 (cache miss)
348 http fetch GET 200 https://registry.npmjs.org/domhandler/-/domhandler-5.0.3.tgz 25884ms attempt #2 (cache miss)
349 http fetch GET 200 https://registry.npmjs.org/he/-/he-1.2.0.tgz 25980ms attempt #2 (cache miss)
350 http fetch GET 200 https://registry.npmjs.org/node-html-parser/-/node-html-parser-6.1.13.tgz 25982ms attempt #2 (cache miss)
351 http fetch GET 200 https://registry.npmjs.org/semver/-/semver-7.7.2.tgz 26650ms attempt #3 (cache miss)
352 http fetch GET 200 https://registry.npmjs.org/vscode-jsonrpc/-/vscode-jsonrpc-9.0.0-next.8.tgz 26982ms attempt #2 (cache miss)
353 http fetch GET 200 https://registry.npmjs.org/css-select/-/css-select-5.1.0.tgz 27042ms attempt #2 (cache miss)
354 http fetch GET 200 https://registry.npmjs.org/picomatch/-/picomatch-2.3.1.tgz 27118ms attempt #2 (cache miss)
355 info run core-js@3.42.0 postinstall node_modules/core-js node -e "try{require('./postinstall')}catch(e){}"
356 info run core-js@3.42.0 postinstall { code: 0, signal: null }
357 silly ADD node_modules/entities
358 silly ADD node_modules/dom-serializer
359 silly ADD node_modules/domelementtype
360 silly ADD node_modules/nth-check
361 silly ADD node_modules/domutils
362 silly ADD node_modules/domhandler
363 silly ADD node_modules/css-what
364 silly ADD node_modules/boolbase
365 silly ADD node_modules/he
366 silly ADD node_modules/css-select
367 silly ADD node_modules/picomatch
368 silly ADD node_modules/node-html-parser
369 silly ADD node_modules/vscode-jsonrpc
370 silly ADD node_modules/vscode-languageserver-protocol
371 silly ADD node_modules/vscode-languageserver-protocol/node_modules/vscode-languageserver-types
372 silly ADD node_modules/vscode-uri
373 silly ADD node_modules/vscode-nls
374 silly ADD node_modules/vscode-markdown-languageservice
375 silly ADD node_modules/vscode-markdown-languageservice/node_modules/vscode-jsonrpc
376 silly ADD node_modules/vscode-markdown-languageservice/node_modules/vscode-languageserver-protocol
377 silly ADD node_modules/vscode-markdown-languageservice/node_modules/@vscode/l10n
378 silly ADD node_modules/vscode-languageserver-types
379 silly ADD node_modules/vscode-languageserver-textdocument
380 silly ADD node_modules/vscode-languageserver
381 silly ADD node_modules/vscode-json-languageservice
382 silly ADD node_modules/vscode-html-languageservice
383 silly ADD node_modules/vscode-css-languageservice
384 silly ADD node_modules/typescript
385 silly ADD node_modules/semver
386 silly ADD node_modules/request-light
387 silly ADD node_modules/regenerator-runtime
388 silly ADD node_modules/jsonc-parser
389 silly ADD node_modules/core-js
390 silly ADD node_modules/@vscode/l10n
391 silly ADD node_modules/vscode-langservers-extracted
392 verbose cwd /home/nizam/config-files/zed/.local/share/zed/languages/json-language-server
393 verbose os Linux 6.14.7-arch2-1
394 verbose node v24.1.0
395 verbose npm  v11.3.0
396 verbose exit 0
397 info ok
